<?xml version="1.0" encoding="UTF-8"?>
<testsuite name="PostmanTest" tests="1" skipped="0" failures="0" errors="0" timestamp="2022-05-02T11:34:09" hostname="NASTYA2004" time="3.874">
  <properties/>
  <testcase name="shouldData()" classname="PostmanTest" time="3.874"/>
  <system-out><![CDATA[]]></system-out>
  <system-err><![CDATA[]]></system-err>
</testsuite>
